<?xml version="1.0" encoding="UTF-8"?>
<Site BuildName="(empty)"
	BuildStamp="20240715-0337-Experimental"
	Name="leesh-950XCJ-951XCJ-950XCR"
	Generator="ctest-3.16.3"
	CompilerName="/usr/bin/g++"
	CompilerVersion="9.4.0"
	OSName="Linux"
	Hostname="leesh-950XCJ-951XCJ-950XCR"
	OSRelease="5.15.0-113-generic"
	OSVersion="#123~20.04.1-Ubuntu SMP Wed Jun 12 17:33:13 UTC 2024"
	OSPlatform="x86_64"
	Is64Bits="1"
	VendorString="GenuineIntel"
	VendorID="Intel Corporation"
	FamilyID="6"
	ModelID="142"
	ProcessorCacheSize="6144"
	NumberOfLogicalCPU="8"
	NumberOfPhysicalCPU="4"
	TotalVirtualMemory="2047"
	TotalPhysicalMemory="7746"
	LogicalProcessorsPerPhysical="2"
	ProcessorClockFrequency="3378.72"
	>
	<Testing>
		<StartDateTime>Jul 15 16:28 KST</StartDateTime>
		<StartTestTime>1721028490</StartTestTime>
		<TestList/>
		<EndDateTime>Jul 15 16:28 KST</EndDateTime>
		<EndTestTime>1721028490</EndTestTime>
		<ElapsedMinutes>0</ElapsedMinutes>
	</Testing>
</Site>
