<?xml version="1.0" encoding="UTF-8"?>
<Site BuildName="(empty)"
	BuildStamp="20240820-1314-Experimental"
	Name="leesh-950XCJ-951XCJ-950XCR"
	Generator="ctest-3.16.3"
	CompilerName="/usr/bin/g++"
	CompilerVersion="9.4.0"
	OSName="Linux"
	Hostname="leesh-950XCJ-951XCJ-950XCR"
	OSRelease="5.15.0-117-generic"
	OSVersion="#127~20.04.1-Ubuntu SMP Thu Jul 11 15:36:12 UTC 2024"
	OSPlatform="x86_64"
	Is64Bits="1"
	VendorString="GenuineIntel"
	VendorID="Intel Corporation"
	FamilyID="6"
	ModelID="142"
	ProcessorCacheSize="6144"
	NumberOfLogicalCPU="8"
	NumberOfPhysicalCPU="4"
	TotalVirtualMemory="2047"
	TotalPhysicalMemory="7746"
	LogicalProcessorsPerPhysical="2"
	ProcessorClockFrequency="1437.98"
	>
	<Testing>
		<StartDateTime>Aug 20 22:14 KST</StartDateTime>
		<StartTestTime>1724159640</StartTestTime>
		<TestList/>
		<EndDateTime>Aug 20 22:14 KST</EndDateTime>
		<EndTestTime>1724159640</EndTestTime>
		<ElapsedMinutes>0</ElapsedMinutes>
	</Testing>
</Site>
